<?xml version="1.0" encoding="UTF-8"?>
<!-- Generated by org.testng.reporters.JUnitReportReporter -->
<testsuite hostname="DESKTOP-ILLARFO" failures="0" tests="1" name="Myplanner.addclient" time="59.576" errors="0" timestamp="2025-04-17T17:43:46 IST" skipped="0">
  <testcase classname="Myplanner.addclient" name="addclient" time="59.576"/>
  <system-out/>
</testsuite> <!-- Myplanner.addclient -->
