<?xml version="1.0" encoding="UTF-8"?>
<!-- Generated by org.testng.reporters.JUnitReportReporter -->
<testsuite hostname="DESKTOP-ILLARFO" failures="0" tests="2" name="Myplanner.addclient" time="92.194" errors="0" timestamp="2025-04-22T17:52:09 IST" skipped="0">
  <testcase classname="Myplanner.addclient" name="addclient" time="17.456"/>
  <system-out/>
  <testcase classname="Myplanner.addclient" name="addclient1" time="74.738"/>
  <system-out/>
</testsuite> <!-- Myplanner.addclient -->
