<?xml version="1.0" encoding="UTF-8"?>
<!-- Generated by org.testng.reporters.JUnitReportReporter -->
<testsuite hostname="DESKTOP-ILLARFO" failures="0" tests="2" name="Myplanner.addclient" time="59.702" errors="0" timestamp="2025-04-17T19:15:48 IST" skipped="0">
  <testcase classname="Myplanner.addclient" name="addclient" time="12.671"/>
  <system-out/>
  <testcase classname="Myplanner.addclient" name="addclient1" time="47.031"/>
  <system-out/>
</testsuite> <!-- Myplanner.addclient -->
