<?xml version="1.0" encoding="UTF-8"?>
<!-- Generated by org.testng.reporters.JUnitReportReporter -->
<testsuite hostname="DESKTOP-ILLARFO" failures="0" tests="2" name="Myplanner.People" time="25.345" errors="0" timestamp="2025-04-15T17:54:58 IST" skipped="0">
  <testcase classname="Myplanner.People" name="client" time="6.570"/>
  <system-out/>
  <testcase classname="Myplanner.People" name="testPeopleProfileEditing" time="18.775"/>
  <system-out/>
</testsuite> <!-- Myplanner.People -->
