<?xml version="1.0" encoding="UTF-8"?>
<!-- Generated by org.testng.reporters.JUnitReportReporter -->
<testsuite hostname="DESKTOP-ILLARFO" failures="0" tests="1" name="Myplanner.Dashboard" time="38.235" errors="0" timestamp="2025-04-15T17:52:31 IST" skipped="0">
  <testcase classname="Myplanner.Dashboard" name="testScroll" time="38.235"/>
  <system-out/>
</testsuite> <!-- Myplanner.Dashboard -->
